2025-07-28T11:37:30.861103624+02:00 [ERROR] todotxt_tui::layout::widget::state_categories: TextStyle { bg: Some(Color(LightRed)), fg: None, modifier: None }
2025-07-28T11:37:30.861276144+02:00 [ERROR] todotxt_tui::layout::widget::state_categories: TextStyle { bg: Some(Color(LightRed)), fg: None, modifier: None }
2025-07-28T11:37:30.861301992+02:00 [INFO] todotxt_tui::file_worker: Init file worker: file: "/home/txart/areas/todos/todo.txt", archive: None
2025-07-28T11:37:30.874549045+02:00 [INFO] todotxt_tui::file_worker: Load tasks from file /home/txart/areas/todos/todo.txt
2025-07-28T11:38:11.618933014+02:00 [INFO] todotxt_tui::file_worker: Saving todo task to /home/txart/areas/todos/todo.txt
2025-07-28T11:38:13.009671272+02:00 [INFO] todotxt_tui::layout::widget::state_list: Remove task with index 14.
2025-07-28T11:38:13.011469485+02:00 [INFO] todotxt_tui::file_worker: Saving todo task to /home/txart/areas/todos/todo.txt
2025-07-28T11:38:56.397038403+02:00 [ERROR] todotxt_tui::layout::widget::state_categories: TextStyle { bg: Some(Color(LightRed)), fg: None, modifier: None }
2025-07-28T11:38:56.397109085+02:00 [ERROR] todotxt_tui::layout::widget::state_categories: TextStyle { bg: Some(Color(LightRed)), fg: None, modifier: None }
2025-07-28T11:38:56.397119723+02:00 [INFO] todotxt_tui::file_worker: Init file worker: file: "/home/txart/areas/todos/todo.txt", archive: None
2025-07-28T11:38:56.401425610+02:00 [INFO] todotxt_tui::file_worker: Load tasks from file /home/txart/areas/todos/todo.txt
2025-07-28T11:43:12.586820712+02:00 [ERROR] todotxt_tui::layout::widget::state_categories: TextStyle { bg: Some(Color(LightRed)), fg: None, modifier: None }
2025-07-28T11:43:12.586979260+02:00 [ERROR] todotxt_tui::layout::widget::state_categories: TextStyle { bg: Some(Color(LightRed)), fg: None, modifier: None }
2025-07-28T11:43:12.587011111+02:00 [INFO] todotxt_tui::file_worker: Init file worker: file: "/home/txart/areas/todos/todo.txt", archive: None
2025-07-28T11:43:12.602872599+02:00 [INFO] todotxt_tui::file_worker: Load tasks from file /home/txart/areas/todos/todo.txt
2025-07-28T11:45:22.770609969+02:00 [ERROR] todotxt_tui::layout::widget::state_categories: TextStyle { bg: Some(Color(LightRed)), fg: None, modifier: None }
2025-07-28T11:45:22.771066359+02:00 [ERROR] todotxt_tui::layout::widget::state_categories: TextStyle { bg: Some(Color(LightRed)), fg: None, modifier: None }
2025-07-28T11:45:22.771097243+02:00 [INFO] todotxt_tui::file_worker: Init file worker: file: "/home/txart/areas/todos/todo.txt", archive: Some("/home/txart/areas/todos/archive.txt")
2025-07-28T11:45:22.783621141+02:00 [INFO] todotxt_tui::file_worker: Load tasks from file /home/txart/areas/todos/todo.txt
2025-07-28T11:45:22.783682583+02:00 [INFO] todotxt_tui::file_worker: Load tasks from achive file /home/txart/areas/todos/archive.txt
2025-07-28T11:47:54.367442748+02:00 [ERROR] todotxt_tui::layout::widget::state_categories: TextStyle { bg: Some(Color(LightRed)), fg: None, modifier: None }
2025-07-28T11:47:54.367609351+02:00 [ERROR] todotxt_tui::layout::widget::state_categories: TextStyle { bg: Some(Color(LightRed)), fg: None, modifier: None }
2025-07-28T11:47:54.367636799+02:00 [INFO] todotxt_tui::file_worker: Init file worker: file: "/home/txart/areas/todos/todo.txt", archive: Some("/home/txart/areas/todos/archive.txt")
2025-07-28T11:47:54.380143746+02:00 [INFO] todotxt_tui::file_worker: Load tasks from file /home/txart/areas/todos/todo.txt
2025-07-28T11:47:54.380185230+02:00 [INFO] todotxt_tui::file_worker: Load tasks from achive file /home/txart/areas/todos/archive.txt
2025-07-28T11:49:23.350140997+02:00 [ERROR] todotxt_tui::layout::widget::state_categories: TextStyle { bg: Some(Color(LightRed)), fg: None, modifier: None }
2025-07-28T11:49:23.350278105+02:00 [ERROR] todotxt_tui::layout::widget::state_categories: TextStyle { bg: Some(Color(LightRed)), fg: None, modifier: None }
2025-07-28T11:49:23.350303781+02:00 [INFO] todotxt_tui::file_worker: Init file worker: file: "/home/txart/areas/todos/todo.txt", archive: Some("/home/txart/areas/todos/archive.txt")
2025-07-28T11:49:23.364012043+02:00 [INFO] todotxt_tui::file_worker: Load tasks from file /home/txart/areas/todos/todo.txt
2025-07-28T11:49:23.364095503+02:00 [INFO] todotxt_tui::file_worker: Load tasks from achive file /home/txart/areas/todos/archive.txt
2025-07-28T11:49:47.941781273+02:00 [ERROR] todotxt_tui::layout::widget::state_categories: TextStyle { bg: Some(Color(LightRed)), fg: None, modifier: None }
2025-07-28T11:49:47.941915102+02:00 [ERROR] todotxt_tui::layout::widget::state_categories: TextStyle { bg: Some(Color(LightRed)), fg: None, modifier: None }
2025-07-28T11:49:47.941940730+02:00 [INFO] todotxt_tui::file_worker: Init file worker: file: "/home/txart/areas/todos/todo.txt", archive: Some("/home/txart/areas/todos/archive.txt")
2025-07-28T11:49:47.954452422+02:00 [INFO] todotxt_tui::file_worker: Load tasks from file /home/txart/areas/todos/todo.txt
2025-07-28T11:49:47.954502379+02:00 [INFO] todotxt_tui::file_worker: Load tasks from achive file /home/txart/areas/todos/archive.txt
2025-07-28T11:53:15.284990747+02:00 [INFO] todotxt_tui::file_worker: Saving todo task to /home/txart/areas/todos/todo.txt and/home/txart/areas/todos/archive.txt
2025-07-28T11:54:15.874455941+02:00 [ERROR] todotxt_tui::layout::widget::state_categories: TextStyle { bg: Some(Color(LightRed)), fg: None, modifier: None }
2025-07-28T11:54:15.874599659+02:00 [ERROR] todotxt_tui::layout::widget::state_categories: TextStyle { bg: Some(Color(LightRed)), fg: None, modifier: None }
2025-07-28T11:54:15.874625055+02:00 [INFO] todotxt_tui::file_worker: Init file worker: file: "/home/txart/areas/todos/todo.txt", archive: Some("/home/txart/areas/todos/archive.txt")
2025-07-28T11:54:15.887320557+02:00 [INFO] todotxt_tui::file_worker: Load tasks from file /home/txart/areas/todos/todo.txt
2025-07-28T11:54:15.887364315+02:00 [INFO] todotxt_tui::file_worker: Load tasks from achive file /home/txart/areas/todos/archive.txt
2025-07-28T11:54:55.647510765+02:00 [ERROR] todotxt_tui::layout::widget::state_categories: TextStyle { bg: Some(Color(LightRed)), fg: None, modifier: None }
2025-07-28T11:54:55.647569106+02:00 [ERROR] todotxt_tui::layout::widget::state_categories: TextStyle { bg: Some(Color(LightRed)), fg: None, modifier: None }
2025-07-28T11:54:55.647577936+02:00 [INFO] todotxt_tui::file_worker: Init file worker: file: "/home/txart/areas/todos/todo.txt", archive: Some("/home/txart/areas/todos/archive.txt")
2025-07-28T11:54:55.651209528+02:00 [INFO] todotxt_tui::file_worker: Load tasks from file /home/txart/areas/todos/todo.txt
2025-07-28T11:54:55.651222156+02:00 [INFO] todotxt_tui::file_worker: Load tasks from achive file /home/txart/areas/todos/archive.txt
2025-07-28T11:55:14.552787414+02:00 [INFO] todotxt_tui::file_worker: Saving todo task to /home/txart/areas/todos/todo.txt and/home/txart/areas/todos/archive.txt
2025-07-28T11:57:49.065434231+02:00 [INFO] todotxt_tui::file_worker: Saving todo task to /home/txart/areas/todos/todo.txt and/home/txart/areas/todos/archive.txt
2025-07-28T11:58:07.068801882+02:00 [INFO] todotxt_tui::file_worker: Saving todo task to /home/txart/areas/todos/todo.txt and/home/txart/areas/todos/archive.txt
2025-07-28T12:02:24.772358342+02:00 [ERROR] todotxt_tui::layout::widget::state_categories: TextStyle { bg: Some(Color(LightRed)), fg: None, modifier: None }
2025-07-28T12:02:24.772540032+02:00 [ERROR] todotxt_tui::layout::widget::state_categories: TextStyle { bg: Some(Color(LightRed)), fg: None, modifier: None }
2025-07-28T12:02:24.772566409+02:00 [INFO] todotxt_tui::file_worker: Init file worker: file: "/home/txart/areas/todos/todo.txt", archive: Some("/home/txart/areas/todos/archive.txt")
2025-07-28T12:02:24.784898199+02:00 [INFO] todotxt_tui::file_worker: Load tasks from file /home/txart/areas/todos/todo.txt
2025-07-28T12:02:24.784945096+02:00 [INFO] todotxt_tui::file_worker: Load tasks from achive file /home/txart/areas/todos/archive.txt
2025-07-28T12:03:49.191327101+02:00 [ERROR] todotxt_tui::layout::widget::state_categories: TextStyle { bg: Some(Color(LightRed)), fg: None, modifier: None }
2025-07-28T12:03:49.191410644+02:00 [ERROR] todotxt_tui::layout::widget::state_categories: TextStyle { bg: Some(Color(LightRed)), fg: None, modifier: None }
2025-07-28T12:03:49.191433137+02:00 [INFO] todotxt_tui::file_worker: Init file worker: file: "/home/txart/areas/todos/todo.txt", archive: Some("/home/txart/areas/todos/archive.txt")
2025-07-28T12:03:49.197362249+02:00 [INFO] todotxt_tui::file_worker: Load tasks from file /home/txart/areas/todos/todo.txt
2025-07-28T12:03:49.197393676+02:00 [INFO] todotxt_tui::file_worker: Load tasks from achive file /home/txart/areas/todos/archive.txt
2025-07-28T12:03:56.249496787+02:00 [ERROR] todotxt_tui::layout::widget::state_categories: TextStyle { bg: Some(Color(LightRed)), fg: None, modifier: None }
2025-07-28T12:03:56.249563183+02:00 [ERROR] todotxt_tui::layout::widget::state_categories: TextStyle { bg: Some(Color(LightRed)), fg: None, modifier: None }
2025-07-28T12:03:56.249573566+02:00 [INFO] todotxt_tui::file_worker: Init file worker: file: "/home/txart/areas/todos/todo.txt", archive: Some("/home/txart/areas/todos/archive.txt")
2025-07-28T12:03:56.254902059+02:00 [INFO] todotxt_tui::file_worker: Load tasks from file /home/txart/areas/todos/todo.txt
2025-07-28T12:03:56.254931397+02:00 [INFO] todotxt_tui::file_worker: Load tasks from achive file /home/txart/areas/todos/archive.txt
2025-07-28T12:09:59.991915600+02:00 [ERROR] todotxt_tui::layout::widget::state_categories: TextStyle { bg: Some(Color(LightRed)), fg: None, modifier: None }
2025-07-28T12:09:59.991981223+02:00 [ERROR] todotxt_tui::layout::widget::state_categories: TextStyle { bg: Some(Color(LightRed)), fg: None, modifier: None }
2025-07-28T12:09:59.991992848+02:00 [INFO] todotxt_tui::file_worker: Init file worker: file: "/home/txart/areas/todos/todo.txt", archive: Some("/home/txart/areas/todos/archive.txt")
2025-07-28T12:09:59.997685132+02:00 [INFO] todotxt_tui::file_worker: Load tasks from file /home/txart/areas/todos/todo.txt
2025-07-28T12:09:59.997714863+02:00 [INFO] todotxt_tui::file_worker: Load tasks from achive file /home/txart/areas/todos/archive.txt
2025-07-28T12:10:06.395986457+02:00 [ERROR] todotxt_tui::layout::widget::state_categories: TextStyle { bg: Some(Color(LightRed)), fg: None, modifier: None }
2025-07-28T12:10:06.396081990+02:00 [ERROR] todotxt_tui::layout::widget::state_categories: TextStyle { bg: Some(Color(LightRed)), fg: None, modifier: None }
2025-07-28T12:10:06.396100+02:00 [INFO] todotxt_tui::file_worker: Init file worker: file: "/home/txart/areas/todos/todo.txt", archive: Some("/home/txart/areas/todos/archive.txt")
2025-07-28T12:10:06.403254994+02:00 [INFO] todotxt_tui::file_worker: Load tasks from file /home/txart/areas/todos/todo.txt
2025-07-28T12:10:06.403286574+02:00 [INFO] todotxt_tui::file_worker: Load tasks from achive file /home/txart/areas/todos/archive.txt
2025-07-28T12:10:37.476007303+02:00 [ERROR] todotxt_tui::layout::widget::state_categories: TextStyle { bg: Some(Color(LightRed)), fg: None, modifier: None }
2025-07-28T12:10:37.476061172+02:00 [ERROR] todotxt_tui::layout::widget::state_categories: TextStyle { bg: Some(Color(LightRed)), fg: None, modifier: None }
2025-07-28T12:10:37.476068916+02:00 [INFO] todotxt_tui::file_worker: Init file worker: file: "/home/txart/areas/todos/todo.txt", archive: Some("/home/txart/areas/todos/archive.txt")
2025-07-28T12:10:37.479369083+02:00 [INFO] todotxt_tui::file_worker: Load tasks from file /home/txart/areas/todos/todo.txt
2025-07-28T12:10:37.479389884+02:00 [INFO] todotxt_tui::file_worker: Load tasks from achive file /home/txart/areas/todos/archive.txt
2025-07-28T12:10:48.421078300+02:00 [ERROR] todotxt_tui::layout::widget::state_categories: TextStyle { bg: Some(Color(LightRed)), fg: None, modifier: None }
2025-07-28T12:10:48.421130914+02:00 [ERROR] todotxt_tui::layout::widget::state_categories: TextStyle { bg: Some(Color(LightRed)), fg: None, modifier: None }
2025-07-28T12:10:48.421140251+02:00 [INFO] todotxt_tui::file_worker: Init file worker: file: "/home/txart/areas/todos/todo.txt", archive: Some("/home/txart/areas/todos/archive.txt")
2025-07-28T12:10:48.425395100+02:00 [INFO] todotxt_tui::file_worker: Load tasks from file /home/txart/areas/todos/todo.txt
2025-07-28T12:10:48.425423548+02:00 [INFO] todotxt_tui::file_worker: Load tasks from achive file /home/txart/areas/todos/archive.txt
2025-07-28T12:11:00.600981528+02:00 [ERROR] todotxt_tui::layout::widget::state_categories: TextStyle { bg: Some(Color(LightRed)), fg: None, modifier: None }
2025-07-28T12:11:00.601029552+02:00 [ERROR] todotxt_tui::layout::widget::state_categories: TextStyle { bg: Some(Color(LightRed)), fg: None, modifier: None }
2025-07-28T12:11:00.601037260+02:00 [INFO] todotxt_tui::file_worker: Init file worker: file: "/home/txart/areas/todos/todo.txt", archive: Some("/home/txart/areas/todos/archive.txt")
2025-07-28T12:11:00.604412105+02:00 [INFO] todotxt_tui::file_worker: Load tasks from file /home/txart/areas/todos/todo.txt
2025-07-28T12:11:00.604429832+02:00 [INFO] todotxt_tui::file_worker: Load tasks from achive file /home/txart/areas/todos/archive.txt
2025-07-28T12:11:17.572155780+02:00 [ERROR] todotxt_tui::layout::widget::state_categories: TextStyle { bg: Some(Color(LightRed)), fg: None, modifier: None }
2025-07-28T12:11:17.572205202+02:00 [ERROR] todotxt_tui::layout::widget::state_categories: TextStyle { bg: Some(Color(LightRed)), fg: None, modifier: None }
2025-07-28T12:11:17.572214895+02:00 [INFO] todotxt_tui::file_worker: Init file worker: file: "/home/txart/areas/todos/todo.txt", archive: Some("/home/txart/areas/todos/archive.txt")
2025-07-28T12:11:17.575365664+02:00 [INFO] todotxt_tui::file_worker: Load tasks from file /home/txart/areas/todos/todo.txt
2025-07-28T12:11:17.575384617+02:00 [INFO] todotxt_tui::file_worker: Load tasks from achive file /home/txart/areas/todos/archive.txt
2025-07-28T12:11:22.090031543+02:00 [ERROR] todotxt_tui::layout::widget::state_categories: TextStyle { bg: Some(Color(LightRed)), fg: None, modifier: None }
2025-07-28T12:11:22.090083946+02:00 [ERROR] todotxt_tui::layout::widget::state_categories: TextStyle { bg: Some(Color(LightRed)), fg: None, modifier: None }
2025-07-28T12:11:22.090093035+02:00 [INFO] todotxt_tui::file_worker: Init file worker: file: "/home/txart/areas/todos/todo.txt", archive: Some("/home/txart/areas/todos/archive.txt")
2025-07-28T12:11:22.093888520+02:00 [INFO] todotxt_tui::file_worker: Load tasks from file /home/txart/areas/todos/todo.txt
2025-07-28T12:11:22.093907380+02:00 [INFO] todotxt_tui::file_worker: Load tasks from achive file /home/txart/areas/todos/archive.txt
2025-07-28T12:11:32.934307986+02:00 [ERROR] todotxt_tui::layout::widget::state_categories: TextStyle { bg: Some(Color(LightRed)), fg: None, modifier: None }
2025-07-28T12:11:32.934361431+02:00 [ERROR] todotxt_tui::layout::widget::state_categories: TextStyle { bg: Some(Color(LightRed)), fg: None, modifier: None }
2025-07-28T12:11:32.934371886+02:00 [INFO] todotxt_tui::file_worker: Init file worker: file: "/home/txart/areas/todos/todo.txt", archive: Some("/home/txart/areas/todos/archive.txt")
2025-07-28T12:11:32.939360660+02:00 [INFO] todotxt_tui::file_worker: Load tasks from file /home/txart/areas/todos/todo.txt
2025-07-28T12:11:32.939383170+02:00 [INFO] todotxt_tui::file_worker: Load tasks from achive file /home/txart/areas/todos/archive.txt
2025-07-28T12:11:37.308203617+02:00 [ERROR] todotxt_tui::layout::widget::state_categories: TextStyle { bg: Some(Color(LightRed)), fg: None, modifier: None }
2025-07-28T12:11:37.308255785+02:00 [ERROR] todotxt_tui::layout::widget::state_categories: TextStyle { bg: Some(Color(LightRed)), fg: None, modifier: None }
2025-07-28T12:11:37.308265352+02:00 [INFO] todotxt_tui::file_worker: Init file worker: file: "/home/txart/areas/todos/todo.txt", archive: Some("/home/txart/areas/todos/archive.txt")
2025-07-28T12:11:37.312677316+02:00 [INFO] todotxt_tui::file_worker: Load tasks from file /home/txart/areas/todos/todo.txt
2025-07-28T12:11:37.312696872+02:00 [INFO] todotxt_tui::file_worker: Load tasks from achive file /home/txart/areas/todos/archive.txt
